# JRE version: OpenJDK Runtime Environment (11.0.10) (build 11.0.10+0-b96-7249189)
# Java VM: OpenJDK 64-Bit Server VM (11.0.10+0-b96-7249189, mixed mode, tiered, compressed oops, g1 gc, windows-amd64)
Heap:
 garbage-first heap   total 196608K, used 24894K [0x00000000a0000000, 0x0000000100000000)
  region size 1024K, 9 young (9216K), 1 survivors (1024K)
 Metaspace       used 23500K, capacity 24030K, committed 24112K, reserved 1071104K
  class space    used 2970K, capacity 3147K, committed 3200K, reserved 1048576K
GC Heap History (6 events):
Event: 0.518 GC heap before
{Heap before GC invocations=0 (full 0):
 garbage-first heap   total 196608K, used 16384K [0x00000000a0000000, 0x0000000100000000)
  region size 1024K, 14 young (14336K), 0 survivors (0K)
 Metaspace       used 6718K, capacity 6929K, committed 7168K, reserved 1056768K
  class space    used 583K, capacity 650K, committed 768K, reserved 1048576K
}
Event: 0.541 GC heap after
{Heap after GC invocations=1 (full 0):
 garbage-first heap   total 196608K, used 3815K [0x00000000a0000000, 0x0000000100000000)
  region size 1024K, 2 young (2048K), 2 survivors (2048K)
 Metaspace       used 6718K, capacity 6929K, committed 7168K, reserved 1056768K
  class space    used 583K, capacity 650K, committed 768K, reserved 1048576K
}
Event: 3.566 GC heap before
{Heap before GC invocations=1 (full 0):
 garbage-first heap   total 196608K, used 119527K [0x00000000a0000000, 0x0000000100000000)
  region size 1024K, 113 young (115712K), 2 survivors (2048K)
 Metaspace       used 20629K, capacity 21100K, committed 21296K, reserved 1069056K
  class space    used 2508K, capacity 2659K, committed 2688K, reserved 1048576K
}
Event: 3.579 GC heap after
{Heap after GC invocations=2 (full 0):
 garbage-first heap   total 196608K, used 17068K [0x00000000a0000000, 0x0000000100000000)
  region size 1024K, 12 young (12288K), 12 survivors (12288K)
 Metaspace       used 20629K, capacity 21100K, committed 21296K, reserved 1069056K
  class space    used 2508K, capacity 2659K, committed 2688K, reserved 1048576K
}
Event: 3.977 GC heap before
{Heap before GC invocations=3 (full 0):
 garbage-first heap   total 196608K, used 37548K [0x00000000a0000000, 0x0000000100000000)
  region size 1024K, 32 young (32768K), 12 survivors (12288K)
 Metaspace       used 22480K, capacity 22977K, committed 23216K, reserved 1069056K
  class space    used 2844K, capacity 3032K, committed 3072K, reserved 1048576K
}
Event: 3.985 GC heap after
{Heap after GC invocations=4 (full 0):
 garbage-first heap   total 196608K, used 17726K [0x00000000a0000000, 0x0000000100000000)
  region size 1024K, 1 young (1024K), 1 survivors (1024K)
 Metaspace       used 22480K, capacity 22977K, committed 23216K, reserved 1069056K
  class space    used 2844K, capacity 3032K, committed 3072K, reserved 1048576K
}

